{"C:\\Users\\chait\\Documents\\AltCampus GH Projects\\Advanced JS\\TA-JS-advanced-dom-and-test-TJaaan\\block-BJaajc\\code\\index.js": {"path":"C:\\Users\\chait\\Documents\\AltCampus GH Projects\\Advanced JS\\TA-JS-advanced-dom-and-test-TJaaan\\block-BJaajc\\code\\index.js","statementMap":{"0":{"start":{"line":2,"column":2},"end":{"line":2,"column":36}},"1":{"start":{"line":6,"column":17},"end":{"line":6,"column":51}},"2":{"start":{"line":7,"column":2},"end":{"line":7,"column":28}},"3":{"start":{"line":11,"column":2},"end":{"line":11,"column":53}},"4":{"start":{"line":15,"column":2},"end":{"line":15,"column":49}},"5":{"start":{"line":18,"column":0},"end":{"line":23,"column":2}}},"fnMap":{"0":{"name":"getFullName","decl":{"start":{"line":1,"column":9},"end":{"line":1,"column":20}},"loc":{"start":{"line":1,"column":42},"end":{"line":3,"column":1}},"line":1},"1":{"name":"isPalindrome","decl":{"start":{"line":5,"column":9},"end":{"line":5,"column":21}},"loc":{"start":{"line":5,"column":29},"end":{"line":8,"column":1}},"line":5},"2":{"name":"getCircumfrence","decl":{"start":{"line":10,"column":9},"end":{"line":10,"column":24}},"loc":{"start":{"line":10,"column":33},"end":{"line":12,"column":1}},"line":10},"3":{"name":"getArea","decl":{"start":{"line":14,"column":9},"end":{"line":14,"column":16}},"loc":{"start":{"line":14,"column":25},"end":{"line":16,"column":1}},"line":14}},"branchMap":{},"s":{"0":3,"1":2,"2":2,"3":2,"4":2,"5":1},"f":{"0":3,"1":2,"2":2,"3":2},"b":{},"_coverageSchema":"1a1c01bbd47fc00a2c39e90264f33305004495a9","hash":"95c95710a661168a4b187e7690a0278aa0788bea"}
}
